2021-11-06 13:28:03.119  INFO 13316 --- [main] t.esprit.spring.test.MissionServiceTest  : Starting MissionServiceTest on DESKTOP-768HO9M with PID 13316 (started by P50 in C:\Users\P50\Desktop\TimesheetProject)
2021-11-06 13:28:03.127  INFO 13316 --- [main] t.esprit.spring.test.MissionServiceTest  : No active profile set, falling back to default profiles: default
2021-11-06 13:28:04.052  INFO 13316 --- [main] .s.d.r.c.RepositoryConfigurationDelegate : Bootstrapping Spring Data repositories in DEFAULT mode.
2021-11-06 13:28:04.177  INFO 13316 --- [main] .s.d.r.c.RepositoryConfigurationDelegate : Finished Spring Data repository scanning in 113ms. Found 6 repository interfaces.
2021-11-06 13:28:04.642  INFO 13316 --- [main] trationDelegate$BeanPostProcessorChecker : Bean 'org.springframework.transaction.annotation.ProxyTransactionManagementConfiguration' of type [org.springframework.transaction.annotation.ProxyTransactionManagementConfiguration$$EnhancerBySpringCGLIB$$1a833a58] is not eligible for getting processed by all BeanPostProcessors (for example: not eligible for auto-proxying)
2021-11-06 13:28:04.930  INFO 13316 --- [main] com.zaxxer.hikari.HikariDataSource       : HikariPool-1 - Starting...
2021-11-06 13:28:05.138  INFO 13316 --- [main] com.zaxxer.hikari.HikariDataSource       : HikariPool-1 - Start completed.
2021-11-06 13:28:05.233  INFO 13316 --- [main] o.hibernate.jpa.internal.util.LogHelper  : HHH000204: Processing PersistenceUnitInfo [
	name: default
	...]
2021-11-06 13:28:05.472  INFO 13316 --- [main] org.hibernate.Version                    : HHH000412: Hibernate Core {5.3.9.Final}
2021-11-06 13:28:05.475  INFO 13316 --- [main] org.hibernate.cfg.Environment            : HHH000206: hibernate.properties not found
2021-11-06 13:28:05.720  INFO 13316 --- [main] o.hibernate.annotations.common.Version   : HCANN000001: Hibernate Commons Annotations {5.0.4.Final}
2021-11-06 13:28:06.282  INFO 13316 --- [main] org.hibernate.dialect.Dialect            : HHH000400: Using dialect: org.hibernate.dialect.MySQL5Dialect
2021-11-06 13:28:07.602  INFO 13316 --- [main] j.LocalContainerEntityManagerFactoryBean : Initialized JPA EntityManagerFactory for persistence unit 'default'
2021-11-06 13:28:08.029  INFO 13316 --- [main] o.h.h.i.QueryTranslatorFactoryInitiator  : HHH000397: Using ASTQueryTranslatorFactory
2021-11-06 13:28:09.206  INFO 13316 --- [main] o.s.s.concurrent.ThreadPoolTaskExecutor  : Initializing ExecutorService 'applicationTaskExecutor'
2021-11-06 13:28:09.280  WARN 13316 --- [main] aWebConfiguration$JpaWebMvcConfiguration : spring.jpa.open-in-view is enabled by default. Therefore, database queries may be performed during view rendering. Explicitly configure spring.jpa.open-in-view to disable this warning
2021-11-06 13:28:09.789  INFO 13316 --- [main] t.esprit.spring.test.MissionServiceTest  : Started MissionServiceTest in 7.078 seconds (JVM running for 8.037)
2021-11-06 13:28:10.193  INFO 13316 --- [main] t.e.spring.services.MissionServiceImpl   : in  retrieveMission id = 1
2021-11-06 13:28:10.199  INFO 13316 --- [main] t.e.spring.services.MissionServiceImpl   : mission returned : null
2021-11-06 13:28:10.202  INFO 13316 --- [main] t.e.spring.services.MissionServiceImpl   : In retrieveAllMissions() : 
2021-11-06 13:28:10.222  INFO 13316 --- [main] t.e.spring.services.MissionServiceImpl   : Out of retrieveAllMissions() : 
2021-11-06 13:28:10.229  INFO 13316 --- [Thread-2] o.s.s.concurrent.ThreadPoolTaskExecutor  : Shutting down ExecutorService 'applicationTaskExecutor'
2021-11-06 13:28:10.233  INFO 13316 --- [Thread-2] j.LocalContainerEntityManagerFactoryBean : Closing JPA EntityManagerFactory for persistence unit 'default'
2021-11-06 13:28:10.236  INFO 13316 --- [Thread-2] com.zaxxer.hikari.HikariDataSource       : HikariPool-1 - Shutdown initiated...
2021-11-06 13:28:10.240  INFO 13316 --- [Thread-2] com.zaxxer.hikari.HikariDataSource       : HikariPool-1 - Shutdown completed.
